<?xml version="1.0" encoding="UTF-8"?>
<testsuite name="nagarro.security.SecureWebApplicationTests" tests="5" skipped="0" failures="0" errors="0" timestamp="2021-01-17T17:35:49" hostname="Apple-MacBook-Air.local" time="1.525">
  <properties/>
  <testcase name="accessUnsecuredResourceThenFoundButNotGetInto()" classname="nagarro.security.SecureWebApplicationTests" time="0.27"/>
  <testcase name="accessSecuredResourceUnauthenticatedThenRedirectsToLogin()" classname="nagarro.security.SecureWebApplicationTests" time="0.017"/>
  <testcase name="loginWithInvalidUserThenUnauthenticated()" classname="nagarro.security.SecureWebApplicationTests" time="0.442"/>
  <testcase name="loginWithValidUserThenAuthenticated()" classname="nagarro.security.SecureWebApplicationTests" time="0.107"/>
  <testcase name="accessSecuredResourceAuthenticatedThenOk()" classname="nagarro.security.SecureWebApplicationTests" time="0.683"/>
  <system-out><![CDATA[20:35:38.471 [Test worker] DEBUG org.springframework.test.context.BootstrapUtils - Instantiating CacheAwareContextLoaderDelegate from class [org.springframework.test.context.cache.DefaultCacheAwareContextLoaderDelegate]
20:35:38.533 [Test worker] DEBUG org.springframework.test.context.BootstrapUtils - Instantiating BootstrapContext using constructor [public org.springframework.test.context.support.DefaultBootstrapContext(java.lang.Class,org.springframework.test.context.CacheAwareContextLoaderDelegate)]
20:35:38.610 [Test worker] DEBUG org.springframework.test.context.BootstrapUtils - Instantiating TestContextBootstrapper for test class [nagarro.security.SecureWebApplicationTests] from class [org.springframework.boot.test.context.SpringBootTestContextBootstrapper]
20:35:38.631 [Test worker] INFO org.springframework.boot.test.context.SpringBootTestContextBootstrapper - Neither @ContextConfiguration nor @ContextHierarchy found for test class [nagarro.security.SecureWebApplicationTests], using SpringBootContextLoader
20:35:38.637 [Test worker] DEBUG org.springframework.test.context.support.AbstractContextLoader - Did not detect default resource location for test class [nagarro.security.SecureWebApplicationTests]: class path resource [nagarro/security/SecureWebApplicationTests-context.xml] does not exist
20:35:38.640 [Test worker] DEBUG org.springframework.test.context.support.AbstractContextLoader - Did not detect default resource location for test class [nagarro.security.SecureWebApplicationTests]: class path resource [nagarro/security/SecureWebApplicationTestsContext.groovy] does not exist
20:35:38.640 [Test worker] INFO org.springframework.test.context.support.AbstractContextLoader - Could not detect default resource locations for test class [nagarro.security.SecureWebApplicationTests]: no resource found for suffixes {-context.xml, Context.groovy}.
20:35:38.793 [Test worker] DEBUG org.springframework.test.context.support.ActiveProfilesUtils - Could not find an 'annotation declaring class' for annotation type [org.springframework.test.context.ActiveProfiles] and class [nagarro.security.SecureWebApplicationTests]
20:35:39.056 [Test worker] DEBUG org.springframework.boot.test.context.SpringBootTestContextBootstrapper - @TestExecutionListeners is not present for class [nagarro.security.SecureWebApplicationTests]: using defaults.
20:35:39.058 [Test worker] INFO org.springframework.boot.test.context.SpringBootTestContextBootstrapper - Loaded default TestExecutionListener class names from location [META-INF/spring.factories]: [org.springframework.security.test.context.support.WithSecurityContextTestExecutionListener, org.springframework.security.test.context.support.ReactorContextTestExecutionListener, org.springframework.boot.test.autoconfigure.restdocs.RestDocsTestExecutionListener, org.springframework.boot.test.autoconfigure.web.client.MockRestServiceServerResetTestExecutionListener, org.springframework.boot.test.autoconfigure.web.servlet.MockMvcPrintOnlyOnFailureTestExecutionListener, org.springframework.boot.test.autoconfigure.web.servlet.WebDriverTestExecutionListener, org.springframework.boot.test.mock.mockito.MockitoTestExecutionListener, org.springframework.boot.test.mock.mockito.ResetMocksTestExecutionListener, org.springframework.test.context.web.ServletTestExecutionListener, org.springframework.test.context.support.DirtiesContextBeforeModesTestExecutionListener, org.springframework.test.context.support.DependencyInjectionTestExecutionListener, org.springframework.test.context.support.DirtiesContextTestExecutionListener, org.springframework.test.context.transaction.TransactionalTestExecutionListener, org.springframework.test.context.jdbc.SqlScriptsTestExecutionListener]
20:35:39.097 [Test worker] INFO org.springframework.boot.test.context.SpringBootTestContextBootstrapper - Using TestExecutionListeners: [org.springframework.test.context.web.ServletTestExecutionListener@68e19ec8, org.springframework.test.context.support.DirtiesContextBeforeModesTestExecutionListener@e788cf5, org.springframework.boot.test.mock.mockito.MockitoTestExecutionListener@129acd0f, org.springframework.boot.test.autoconfigure.SpringBootDependencyInjectionTestExecutionListener@14d3cb7d, org.springframework.test.context.support.DirtiesContextTestExecutionListener@70a000f1, org.springframework.test.context.transaction.TransactionalTestExecutionListener@3a753534, org.springframework.test.context.jdbc.SqlScriptsTestExecutionListener@7e4365c0, org.springframework.security.test.context.support.WithSecurityContextTestExecutionListener@7441c156, org.springframework.security.test.context.support.ReactorContextTestExecutionListener@496f0a7, org.springframework.boot.test.autoconfigure.restdocs.RestDocsTestExecutionListener@1759a994, org.springframework.boot.test.autoconfigure.web.client.MockRestServiceServerResetTestExecutionListener@7251b3da, org.springframework.boot.test.autoconfigure.web.servlet.MockMvcPrintOnlyOnFailureTestExecutionListener@8e097b7, org.springframework.boot.test.autoconfigure.web.servlet.WebDriverTestExecutionListener@3bc04dc4, org.springframework.boot.test.mock.mockito.ResetMocksTestExecutionListener@618f5621]
20:35:39.105 [Test worker] DEBUG org.springframework.test.context.support.AbstractDirtiesContextTestExecutionListener - Before test class: context [DefaultTestContext@19e2058c testClass = SecureWebApplicationTests, testInstance = [null], testMethod = [null], testException = [null], mergedContextConfiguration = [WebMergedContextConfiguration@31d931ac testClass = SecureWebApplicationTests, locations = '{}', classes = '{class nagarro.StatementInvestigationApplication, class nagarro.StatementInvestigationApplication}', contextInitializerClasses = '[]', activeProfiles = '{}', propertySourceLocations = '{}', propertySourceProperties = '{org.springframework.boot.test.context.SpringBootTestContextBootstrapper=true}', contextCustomizers = set[org.springframework.boot.test.autoconfigure.properties.PropertyMappingContextCustomizer@e7e8512, org.springframework.boot.test.autoconfigure.web.servlet.WebDriverContextCustomizerFactory$Customizer@682a36a1, [ImportsContextCustomizer@175586d2 key = [org.springframework.boot.test.autoconfigure.web.servlet.MockMvcAutoConfiguration, org.springframework.boot.test.autoconfigure.web.servlet.MockMvcSecurityAutoConfiguration, org.springframework.boot.test.autoconfigure.web.servlet.MockMvcWebClientAutoConfiguration, org.springframework.boot.test.autoconfigure.web.servlet.MockMvcWebDriverAutoConfiguration]], org.springframework.boot.test.context.filter.ExcludeFilterContextCustomizer@50749d27, org.springframework.boot.test.json.DuplicateJsonObjectContextCustomizerFactory$DuplicateJsonObjectContextCustomizer@a9d2add, org.springframework.boot.test.mock.mockito.MockitoContextCustomizer@0, org.springframework.boot.test.web.client.TestRestTemplateContextCustomizer@fcad5d9], resourceBasePath = 'src/main/webapp', contextLoader = 'org.springframework.boot.test.context.SpringBootContextLoader', parent = [null]], attributes = map['org.springframework.test.context.web.ServletTestExecutionListener.activateListener' -> true]], class annotated with @DirtiesContext [false] with mode [null].
20:35:39.172 [Test worker] DEBUG org.springframework.test.context.support.TestPropertySourceUtils - Adding inlined properties to environment: {spring.jmx.enabled=false, org.springframework.boot.test.context.SpringBootTestContextBootstrapper=true, server.port=-1}

  .   ____          _            __ _ _
 /\\ / ___'_ __ _ _(_)_ __  __ _ \ \ \ \
( ( )\___ | '_ | '_| | '_ \/ _` | \ \ \ \
 \\/  ___)| |_)| | | | | || (_| |  ) ) ) )
  '  |____| .__|_| |_|_| |_\__, | / / / /
 =========|_|==============|___/=/_/_/_/
 :: Spring Boot ::        (v2.1.3.RELEASE)

2021-01-17 20:35:40.026  INFO 19001 --- [    Test worker] n.security.SecureWebApplicationTests     : Starting SecureWebApplicationTests on Apple-MacBook-Air.local with PID 19001 (started by alperkopuz in /Users/alperkopuz/Downloads/StatementInvestigationAssignment)
2021-01-17 20:35:40.029  INFO 19001 --- [    Test worker] n.security.SecureWebApplicationTests     : No active profile set, falling back to default profiles: default
2021-01-17 20:35:40.071 DEBUG 19001 --- [    Test worker] o.s.w.c.s.GenericWebApplicationContext   : Refreshing org.springframework.web.context.support.GenericWebApplicationContext@4c30aea8
2021-01-17 20:35:41.362  INFO 19001 --- [    Test worker] .s.d.r.c.RepositoryConfigurationDelegate : Bootstrapping Spring Data repositories in DEFAULT mode.
2021-01-17 20:35:41.475  INFO 19001 --- [    Test worker] .s.d.r.c.RepositoryConfigurationDelegate : Finished Spring Data repository scanning in 96ms. Found 2 repository interfaces.
2021-01-17 20:35:42.188  INFO 19001 --- [    Test worker] trationDelegate$BeanPostProcessorChecker : Bean 'org.springframework.transaction.annotation.ProxyTransactionManagementConfiguration' of type [org.springframework.transaction.annotation.ProxyTransactionManagementConfiguration$$EnhancerBySpringCGLIB$$c3d1073d] is not eligible for getting processed by all BeanPostProcessors (for example: not eligible for auto-proxying)
2021-01-17 20:35:42.469  INFO 19001 --- [g-Init-Reporter] com.mchange.v2.log.MLog                  : MLog clients using slf4j logging.
2021-01-17 20:35:42.525  INFO 19001 --- [    Test worker] com.mchange.v2.c3p0.C3P0Registry         : Initializing c3p0-0.9.5.3 [built 27-January-2019 00:11:37 -0800; debug? true; trace: 10]
2021-01-17 20:35:42.990  INFO 19001 --- [    Test worker] c.m.v.c.i.AbstractPoolBackedDataSource   : Initializing c3p0 pool... com.mchange.v2.c3p0.ComboPooledDataSource [ acquireIncrement -> 3, acquireRetryAttempts -> 30, acquireRetryDelay -> 1000, autoCommitOnClose -> false, automaticTestTable -> null, breakAfterAcquireFailure -> false, checkoutTimeout -> 0, connectionCustomizerClassName -> null, connectionTesterClassName -> com.mchange.v2.c3p0.impl.DefaultConnectionTester, contextClassLoaderSource -> caller, dataSourceName -> z8kfltaf4tyzzilze7y2|6ac4300f, debugUnreturnedConnectionStackTraces -> false, description -> null, driverClass -> net.ucanaccess.jdbc.UcanaccessDriver, extensions -> {}, factoryClassLocation -> null, forceIgnoreUnresolvedTransactions -> false, forceSynchronousCheckins -> false, forceUseNamedDriverClass -> false, identityToken -> z8kfltaf4tyzzilze7y2|6ac4300f, idleConnectionTestPeriod -> 0, initialPoolSize -> 3, jdbcUrl -> jdbc:ucanaccess:///Users/alperkopuz/Downloads/StatementInvestigationAssignment//src//main//resources//accountsdb.accdb;showSchema=true, maxAdministrativeTaskTime -> 0, maxConnectionAge -> 0, maxIdleTime -> 0, maxIdleTimeExcessConnections -> 0, maxPoolSize -> 15, maxStatements -> 0, maxStatementsPerConnection -> 0, minPoolSize -> 3, numHelperThreads -> 3, preferredTestQuery -> null, privilegeSpawnedThreads -> false, properties -> {}, propertyCycle -> 0, statementCacheNumDeferredCloseThreads -> 0, testConnectionOnCheckin -> false, testConnectionOnCheckout -> false, unreturnedConnectionTimeout -> 0, userOverrides -> {}, usesTraditionalReflectiveProxies -> false ]
2021-01-17 20:35:43.929  INFO 19001 --- [    Test worker] o.hibernate.jpa.internal.util.LogHelper  : HHH000204: Processing PersistenceUnitInfo [
	name: default
	...]
2021-01-17 20:35:44.062  INFO 19001 --- [    Test worker] org.hibernate.Version                    : HHH000412: Hibernate Core {5.3.7.Final}
2021-01-17 20:35:44.066  INFO 19001 --- [    Test worker] org.hibernate.cfg.Environment            : HHH000206: hibernate.properties not found
2021-01-17 20:35:44.368  INFO 19001 --- [    Test worker] o.hibernate.annotations.common.Version   : HCANN000001: Hibernate Commons Annotations {5.0.4.Final}
2021-01-17 20:35:44.613  INFO 19001 --- [    Test worker] org.hibernate.dialect.Dialect            : HHH000400: Using dialect: net.ucanaccess.hibernate.dialect.UCanAccessDialect
2021-01-17 20:35:44.636  INFO 19001 --- [    Test worker] o.h.e.j.e.i.LobCreatorBuilderImpl        : HHH000422: Disabling contextual LOB creation as connection was null
2021-01-17 20:35:45.763  INFO 19001 --- [    Test worker] j.LocalContainerEntityManagerFactoryBean : Initialized JPA EntityManagerFactory for persistence unit 'default'
2021-01-17 20:35:46.295  INFO 19001 --- [    Test worker] o.h.h.i.QueryTranslatorFactoryInitiator  : HHH000397: Using ASTQueryTranslatorFactory
2021-01-17 20:35:47.069  INFO 19001 --- [    Test worker] o.s.s.web.DefaultSecurityFilterChain     : Creating filter chain: any request, [org.springframework.security.web.context.request.async.WebAsyncManagerIntegrationFilter@44593f82, org.springframework.security.web.context.SecurityContextPersistenceFilter@61f7a653, org.springframework.security.web.header.HeaderWriterFilter@7cc86399, org.springframework.security.web.csrf.CsrfFilter@556efae0, org.springframework.security.web.authentication.logout.LogoutFilter@458512a6, org.springframework.security.web.authentication.UsernamePasswordAuthenticationFilter@7613dbb2, org.springframework.security.web.session.ConcurrentSessionFilter@54599c5, org.springframework.security.web.savedrequest.RequestCacheAwareFilter@25954a7f, org.springframework.security.web.servletapi.SecurityContextHolderAwareRequestFilter@24777285, org.springframework.security.web.authentication.AnonymousAuthenticationFilter@7b30a3a1, org.springframework.security.web.session.SessionManagementFilter@5fd88e3b, org.springframework.security.web.access.ExceptionTranslationFilter@1ab53ec0, org.springframework.security.web.access.intercept.FilterSecurityInterceptor@2d85ce1e]
2021-01-17 20:35:47.539 DEBUG 19001 --- [    Test worker] o.s.w.s.handler.SimpleUrlHandlerMapping  : Patterns [/**/favicon.ico] in 'faviconHandlerMapping'
2021-01-17 20:35:48.037  INFO 19001 --- [    Test worker] o.s.s.concurrent.ThreadPoolTaskExecutor  : Initializing ExecutorService 'applicationTaskExecutor'
2021-01-17 20:35:48.064 DEBUG 19001 --- [    Test worker] s.w.s.m.m.a.RequestMappingHandlerAdapter : ControllerAdvice beans: 0 @ModelAttribute, 0 @InitBinder, 1 RequestBodyAdvice, 1 ResponseBodyAdvice
2021-01-17 20:35:48.160  WARN 19001 --- [    Test worker] aWebConfiguration$JpaWebMvcConfiguration : spring.jpa.open-in-view is enabled by default. Therefore, database queries may be performed during view rendering. Explicitly configure spring.jpa.open-in-view to disable this warning
2021-01-17 20:35:48.270 DEBUG 19001 --- [    Test worker] s.w.s.m.m.a.RequestMappingHandlerMapping : 6 mappings in 'requestMappingHandlerMapping'
2021-01-17 20:35:48.294 DEBUG 19001 --- [    Test worker] o.s.w.s.handler.SimpleUrlHandlerMapping  : Patterns [/, /login] in 'viewControllerHandlerMapping'
2021-01-17 20:35:48.350 DEBUG 19001 --- [    Test worker] o.s.w.s.handler.SimpleUrlHandlerMapping  : Patterns [/webjars/**, /**] in 'resourceHandlerMapping'
2021-01-17 20:35:48.380 DEBUG 19001 --- [    Test worker] .m.m.a.ExceptionHandlerExceptionResolver : ControllerAdvice beans: 0 @ExceptionHandler, 1 ResponseBodyAdvice
2021-01-17 20:35:49.024 DEBUG 19001 --- [    Test worker] o.s.b.w.s.ServletContextInitializerBeans : Mapping filters: springSecurityFilterChain urls=[/*], characterEncodingFilter urls=[/*], hiddenHttpMethodFilter urls=[/*], formContentFilter urls=[/*], requestContextFilter urls=[/*]
2021-01-17 20:35:49.025 DEBUG 19001 --- [    Test worker] o.s.b.w.s.ServletContextInitializerBeans : Mapping servlets: 
2021-01-17 20:35:49.066  INFO 19001 --- [    Test worker] o.s.b.t.m.w.SpringBootMockServletContext : Initializing Spring TestDispatcherServlet ''
2021-01-17 20:35:49.066  INFO 19001 --- [    Test worker] o.s.t.web.servlet.TestDispatcherServlet  : Initializing Servlet ''
2021-01-17 20:35:49.086  INFO 19001 --- [    Test worker] o.s.t.web.servlet.TestDispatcherServlet  : Completed initialization in 20 ms
2021-01-17 20:35:49.136  INFO 19001 --- [    Test worker] n.security.SecureWebApplicationTests     : Started SecureWebApplicationTests in 9.931 seconds (JVM running for 12.461)
2021-01-17 20:35:50.054 DEBUG 19001 --- [    Test worker] s.w.s.m.m.a.RequestMappingHandlerMapping : Mapped to public java.lang.String nagarro.jpa.controller.StatementController.showStatementInvestigation(org.springframework.ui.Model)
2021-01-17 20:35:50.150 DEBUG 19001 --- [    Test worker] o.s.w.s.v.ContentNegotiatingViewResolver : Selected '*/*' given [*/*]
]]></system-out>
  <system-err><![CDATA[]]></system-err>
</testsuite>
