<?xml version="1.0" encoding="UTF-8"?>
<testsuite name="nagarro.jpa.controller.AccountControllerTest" tests="1" skipped="0" failures="0" errors="0" timestamp="2021-01-17T17:35:50" hostname="Apple-MacBook-Air.local" time="0.099">
  <properties/>
  <testcase name="whenCalledAccount_thenCorrect()" classname="nagarro.jpa.controller.AccountControllerTest" time="0.099"/>
  <system-out><![CDATA[]]></system-out>
  <system-err><![CDATA[]]></system-err>
</testsuite>
